Initialized native services in: /Users/tommackenzie/.gradle/native
The client will now receive all logging from the daemon (pid: 6362). The daemon log file: /Users/tommackenzie/.gradle/daemon/4.4/daemon-6362.out.log
Starting 11th build in daemon [uptime: 23 mins 33.769 secs, performance: 100%, no major garbage collections]
Using 4 worker leases.
Creating new cache for fileHashes, path /Users/tommackenzie/Documents/workspace/otter/.gradle/4.4/fileHashes/fileHashes.bin, access org.gradle.cache.internal.DefaultCacheAccess@59c3fe28
Starting Build
Settings evaluated using settings file '/Users/tommackenzie/Documents/workspace/otter/settings.gradle'.
Projects loaded. Root project using build file '/Users/tommackenzie/Documents/workspace/otter/build.gradle'.
Included projects: [root project 'otter', project ':example', project ':otter']
Evaluating root project 'otter' using build file '/Users/tommackenzie/Documents/workspace/otter/build.gradle'.
Evaluating project ':example' using build file '/Users/tommackenzie/Documents/workspace/otter/example/build.gradle'.
Creating new cache for metadata-1.1/results, path /Users/tommackenzie/.gradle/caches/transforms-1/metadata-1.1/results.bin, access org.gradle.cache.internal.DefaultCacheAccess@1fc2840c
Evaluating project ':otter' using build file '/Users/tommackenzie/Documents/workspace/otter/otter/build.gradle'.
All projects evaluated.
Selected primary task 'clean' from project :
Selected primary task 'test' from project :
Creating new cache for annotation-processors, path /Users/tommackenzie/Documents/workspace/otter/.gradle/4.4/fileContent/annotation-processors.bin, access org.gradle.cache.internal.DefaultCacheAccess@2abab470
Tasks to be executed: [task ':example:clean', task ':otter:clean', task ':otter:compileJava', task ':otter:processResources', task ':otter:classes', task ':otter:jar', task ':example:compileJava', task ':example:processResources', task ':example:classes', task ':example:compileTestJava', task ':example:processTestResources', task ':example:testClasses', task ':example:test', task ':otter:compileTestJava', task ':otter:processTestResources', task ':otter:testClasses', task ':otter:test']
Creating new cache for resourceHashesCache, path /Users/tommackenzie/Documents/workspace/otter/.gradle/4.4/fileHashes/resourceHashesCache.bin, access org.gradle.cache.internal.DefaultCacheAccess@59c3fe28
Invalidating in-memory cache of /Users/tommackenzie/Documents/workspace/otter/.gradle/4.4/fileHashes/resourceHashesCache.bin
Creating new cache for taskHistory, path /Users/tommackenzie/Documents/workspace/otter/.gradle/4.4/taskHistory/taskHistory.bin, access org.gradle.cache.internal.DefaultCacheAccess@e2f0ff9
Creating new cache for outputFiles, path /Users/tommackenzie/Documents/workspace/otter/.gradle/buildOutputCleanup/outputFiles.bin, access org.gradle.cache.internal.DefaultCacheAccess@2c3c033b
:example:clean (Thread[Task worker for ':',5,main]) started.
:example:clean
Putting task artifact state for task ':example:clean' into context took 0.0 secs.
Up-to-date check for task ':example:clean' took 0.0 secs. It is not up-to-date because:
  Task has not declared any outputs.
:example:clean (Thread[Task worker for ':',5,main]) completed. Took 0.015 secs.
:otter:clean (Thread[Task worker for ':',5,main]) started.
:otter:clean
Putting task artifact state for task ':otter:clean' into context took 0.0 secs.
Up-to-date check for task ':otter:clean' took 0.0 secs. It is not up-to-date because:
  Task has not declared any outputs.
:otter:clean (Thread[Task worker for ':',5,main]) completed. Took 0.018 secs.
:otter:compileJava (Thread[Task worker for ':',5,main]) started.
:otter:compileJava
Putting task artifact state for task ':otter:compileJava' into context took 0.0 secs.
Creating new cache for metadata-2.36/module-metadata, path /Users/tommackenzie/.gradle/caches/modules-2/metadata-2.36/module-metadata.bin, access org.gradle.cache.internal.DefaultCacheAccess@7856eb62
Creating new cache for metadata-2.36/module-artifact, path /Users/tommackenzie/.gradle/caches/modules-2/metadata-2.36/module-artifact.bin, access org.gradle.cache.internal.DefaultCacheAccess@7856eb62
Up-to-date check for task ':otter:compileJava' took 0.058 secs. It is not up-to-date because:
  Output property 'destinationDir' file /Users/tommackenzie/Documents/workspace/otter/otter/build/classes/java/main has been removed.
  Output property 'destinationDir' file /Users/tommackenzie/Documents/workspace/otter/otter/build/classes/java/main/org has been removed.
  Output property 'destinationDir' file /Users/tommackenzie/Documents/workspace/otter/otter/build/classes/java/main/org/rootservices has been removed.
All input files are considered out-of-date for incremental task ':otter:compileJava'.
Compiling with JDK Java compiler API.
:otter:compileJava (Thread[Task worker for ':',5,main]) completed. Took 0.846 secs.
:otter:processResources (Thread[Task worker for ':',5,main]) started.
:otter:processResources
Putting task artifact state for task ':otter:processResources' into context took 0.0 secs.
Skipping task ':otter:processResources' as it has no source files and no previous output files.
:otter:processResources NO-SOURCE
:otter:processResources (Thread[Task worker for ':',5,main]) completed. Took 0.001 secs.
:otter:classes (Thread[Task worker for ':',5,main]) started.
:otter:classes
Skipping task ':otter:classes' as it has no actions.
:otter:classes (Thread[Task worker for ':',5,main]) completed. Took 0.0 secs.
:otter:jar (Thread[Task worker for ':',5,main]) started.
:otter:jar
Putting task artifact state for task ':otter:jar' into context took 0.0 secs.
Up-to-date check for task ':otter:jar' took 0.002 secs. It is not up-to-date because:
  Output property 'archivePath' file /Users/tommackenzie/Documents/workspace/otter/otter/build/libs/otter-1.3-SNAPSHOT.jar has been removed.
:otter:jar (Thread[Task worker for ':',5,main]) completed. Took 0.058 secs.
:example:compileJava (Thread[Task worker for ':' Thread 2,5,main]) started.
:example:compileJava
Putting task artifact state for task ':example:compileJava' into context took 0.0 secs.
Up-to-date check for task ':example:compileJava' took 0.046 secs. It is not up-to-date because:
  Output property 'destinationDir' file /Users/tommackenzie/Documents/workspace/otter/example/build/classes/java/main has been removed.
  Output property 'destinationDir' file /Users/tommackenzie/Documents/workspace/otter/example/build/classes/java/main/hello has been removed.
  Output property 'destinationDir' file /Users/tommackenzie/Documents/workspace/otter/example/build/classes/java/main/hello/config has been removed.
All input files are considered out-of-date for incremental task ':example:compileJava'.
Compiling with JDK Java compiler API.
:example:compileJava (Thread[Task worker for ':' Thread 2,5,main]) completed. Took 0.249 secs.
:example:processResources (Thread[Task worker for ':' Thread 2,5,main]) started.
:example:processResources
Putting task artifact state for task ':example:processResources' into context took 0.0 secs.
Up-to-date check for task ':example:processResources' took 0.001 secs. It is not up-to-date because:
  Output property 'destinationDir' file /Users/tommackenzie/Documents/workspace/otter/example/build/resources/main has been removed.
  Output property 'destinationDir' file /Users/tommackenzie/Documents/workspace/otter/example/build/resources/main/log4j2.properties has been removed.
:example:processResources (Thread[Task worker for ':' Thread 2,5,main]) completed. Took 0.005 secs.
:example:classes (Thread[Task worker for ':' Thread 2,5,main]) started.
:example:classes
Skipping task ':example:classes' as it has no actions.
:example:classes (Thread[Task worker for ':' Thread 2,5,main]) completed. Took 0.0 secs.
:example:compileTestJava (Thread[Task worker for ':' Thread 2,5,main]) started.
:example:compileTestJava
Putting task artifact state for task ':example:compileTestJava' into context took 0.0 secs.
Up-to-date check for task ':example:compileTestJava' took 0.028 secs. It is not up-to-date because:
  Output property 'destinationDir' file /Users/tommackenzie/Documents/workspace/otter/example/build/classes/java/test has been removed.
  Output property 'destinationDir' file /Users/tommackenzie/Documents/workspace/otter/example/build/classes/java/test/hello has been removed.
  Output property 'destinationDir' file /Users/tommackenzie/Documents/workspace/otter/example/build/classes/java/test/hello/controller has been removed.
All input files are considered out-of-date for incremental task ':example:compileTestJava'.
Compiling with JDK Java compiler API.
:example:compileTestJava (Thread[Task worker for ':' Thread 2,5,main]) completed. Took 0.418 secs.
:example:processTestResources (Thread[Task worker for ':' Thread 2,5,main]) started.
:example:processTestResources
Putting task artifact state for task ':example:processTestResources' into context took 0.0 secs.
Skipping task ':example:processTestResources' as it has no source files and no previous output files.
:example:processTestResources NO-SOURCE
:example:processTestResources (Thread[Task worker for ':' Thread 2,5,main]) completed. Took 0.001 secs.
:example:testClasses (Thread[Task worker for ':' Thread 2,5,main]) started.
:example:testClasses
Skipping task ':example:testClasses' as it has no actions.
:example:testClasses (Thread[Task worker for ':' Thread 2,5,main]) completed. Took 0.0 secs.
:example:test (Thread[Task worker for ':' Thread 2,5,main]) started.
:example:test
Putting task artifact state for task ':example:test' into context took 0.0 secs.
Up-to-date check for task ':example:test' took 0.014 secs. It is not up-to-date because:
  Task has failed previously.
Starting process 'Gradle Test Executor 9'. Working directory: /Users/tommackenzie/Documents/workspace/otter/example Command: /Library/Java/JavaVirtualMachines/jdk-9.0.4.jdk/Contents/Home/bin/java -Dorg.gradle.native=false @/private/var/folders/qt/v545pzq92v1csvqx8x8brd4c0000gp/T/gradle-worker-classpath1100474970012404414txt -Dfile.encoding=UTF-8 -Duser.country=US -Duser.language=en -Duser.variant -ea worker.org.gradle.process.internal.worker.GradleWorkerMain 'Gradle Test Executor 9'
Successfully started process 'Gradle Test Executor 9'
Gradle Test Executor 9 started executing tests.

suite.IntegrationTestSuite STANDARD_OUT
    2018-04-23T09:23:33,931 DEBUG Test worker container.ServletContainerFactory:80 - Web App location: file:/Users/tommackenzie/Documents/workspace/otter/example/src/test/java/integration/app/webapp
    2018-04-23T09:23:33,957 DEBUG Test worker container.ServletContainerFactory:81 - Compiled Class path: file:/Users/tommackenzie/Documents/workspace/otter/example/build/classes/java/main/

suite.IntegrationTestSuite STANDARD_ERROR
    [Test worker] INFO org.eclipse.jetty.util.log - Logging initialized @1759ms to org.eclipse.jetty.util.log.Slf4jLog

suite.IntegrationTestSuite STANDARD_OUT
    2018-04-23T09:23:34,086 DEBUG Test worker container.ServletContainerFactory:94 - Not a war file

suite.IntegrationTestSuite STANDARD_ERROR
    [Test worker] INFO org.eclipse.jetty.server.Server - jetty-9.4.9.v20180320; built: 2018-03-20T07:21:10-05:00; git: 1f8159b1e4a42d3f79997021ea1609f2fbac6de5; jvm 9.0.4+11
    [Test worker] INFO org.eclipse.jetty.annotations.AnnotationConfiguration - Scanning elapsed time=48ms
    [Test worker] INFO org.eclipse.jetty.server.handler.ContextHandler.ROOT - Warning: No org.apache.tomcat.JarScanner set in ServletContext. Falling back to default JarScanner implementation.
    [Test worker] INFO org.apache.jasper.servlet.TldScanner - At least one JAR was scanned for TLDs yet contained no TLDs. Enable debug logging for this logger for a complete list of JARs that were scanned but no TLDs were found in them. Skipping unneeded JARs during scanning can improve startup time and JSP compilation time.
    [Test worker] INFO org.eclipse.jetty.server.session - DefaultSessionIdManager workerName=node0
    [Test worker] INFO org.eclipse.jetty.server.session - No SessionScavenger set, using defaults
    [Test worker] INFO org.eclipse.jetty.server.session - Scavenging every 660000ms
    [Test worker] INFO org.eclipse.jetty.server.handler.ContextHandler - Started o.e.j.w.WebAppContext@444133f4{/,file:///Users/tommackenzie/Documents/workspace/otter/example/src/test/java/integration/app/webapp,AVAILABLE}
    [Test worker] INFO org.eclipse.jetty.server.AbstractNCSARequestLog - Opened /Users/tommackenzie/Documents/workspace/otter/example/logs/jetty/jetty-test-2018_04_23.request.log
    [Test worker] INFO org.eclipse.jetty.server.AbstractConnector - Started ServerConnector@d676c90{HTTP/1.1,[http/1.1]}{0.0.0.0:62146}
    org.eclipse.jetty.server.Server@2067b0e7[9.4.9.v20180320] - STARTING
     += QueuedThreadPool[qtp566452721]@21c361f1{STARTED,8<=8<=200,i=5,q=0} - STARTED
     |   += ReservedThreadExecutor@7c1142d1{s=0/4,p=0} - STARTED
     |   +> 20 qtp566452721-20 SELECTING RUNNABLE @ java.base@9.0.4/sun.nio.ch.KQueueArrayWrapper.kevent0(Native Method)
     |   +> 22 qtp566452721-22 IDLE TIMED_WAITING @ java.base@9.0.4/jdk.internal.misc.Unsafe.park(Native Method)
     |   +> 15 qtp566452721-15 IDLE TIMED_WAITING @ java.base@9.0.4/jdk.internal.misc.Unsafe.park(Native Method)
     |   +> 19 qtp566452721-19 SELECTING RUNNABLE @ java.base@9.0.4/sun.nio.ch.KQueueArrayWrapper.kevent0(Native Method)
     |   +> 21 qtp566452721-21-acceptor-0@3a08294-ServerConnector@d676c90{HTTP/1.1,[http/1.1]}{0.0.0.0:62146} ACCEPTING RUNNABLE @ java.base@9.0.4/sun.nio.ch.ServerSocketChannelImpl.accept0(Native Method) prio=3
     |   +> 18 qtp566452721-18 IDLE TIMED_WAITING @ java.base@9.0.4/jdk.internal.misc.Unsafe.park(Native Method)
     |   +> 16 qtp566452721-16 IDLE TIMED_WAITING @ java.base@9.0.4/jdk.internal.misc.Unsafe.park(Native Method)
     |   +> 17 qtp566452721-17 IDLE TIMED_WAITING @ java.base@9.0.4/jdk.internal.misc.Unsafe.park(Native Method)
     |   +> jobs - size=0
     += o.e.j.w.WebAppContext@444133f4{/,file:///Users/tommackenzie/Documents/workspace/otter/example/src/test/java/integration/app/webapp,AVAILABLE} - STARTED
     |   += org.eclipse.jetty.servlet.ErrorPageErrorHandler@1d3bbc3f - STARTED
     |   += org.eclipse.jetty.server.session.SessionHandler1609293472==dftMaxIdleSec=1800 - STARTED
     |   |   += org.eclipse.jetty.security.ConstraintSecurityHandler@18f83a8b - STARTED
     |   |   |   +- org.eclipse.jetty.security.DefaultAuthenticatorFactory@6e89f48f
     |   |   |   += org.eclipse.jetty.servlet.ServletHandler@2e136725 - STARTED
     |   |   |   |   += jsp@19c47==org.eclipse.jetty.jsp.JettyJspServlet,jsp=null,order=0,inst=true - STARTED
     |   |   |   |   |   +- fork=false
     |   |   |   |   |   +- logVerbosityLevel=DEBUG
     |   |   |   |   |   +- xpoweredBy=false
     |   |   |   |   |   +- compilerSourceVM=1.7
     |   |   |   |   |   +- compilerTargetVM=1.7
     |   |   |   |   |   +- async-supported=true
     |   |   |   |   |   +- scratchdir=/private/var/folders/qt/v545pzq92v1csvqx8x8brd4c0000gp/T/jetty-0.0.0.0-0-webapp-_-any-16819532545891773089.dir/jsp
     |   |   |   |   += default@5c13d641==org.eclipse.jetty.servlet.DefaultServlet,jsp=null,order=0,inst=true - STARTED
     |   |   |   |   |   +- resourceBase=file:///Users/tommackenzie/Documents/workspace/otter/example/src/test/java/integration/app/webapp/public/
     |   |   |   |   |   +- aliases=false
     |   |   |   |   |   +- dirAllowed=true
     |   |   |   |   |   +- maxCacheSize=256000000
     |   |   |   |   |   +- maxCachedFileSize=200000000
     |   |   |   |   |   +- welcomeServlets=false
     |   |   |   |   |   +- useFileMappedBuffer=true
     |   |   |   |   |   +- acceptRanges=true
     |   |   |   |   |   +- etags=false
     |   |   |   |   |   +- maxCachedFiles=2048
     |   |   |   |   |   +- redirectWelcome=false
     |   |   |   |   += org.rootservices.otter.servlet.EntryFilter-24ee280d - STARTED
     |   |   |   |   +- [/*]/[]==1=>org.rootservices.otter.servlet.EntryFilter-24ee280d
     |   |   |   |   += org.eclipse.jetty.servlet.ListenerHolder@2f0ca299 - STARTED
     |   |   |   |   += org.eclipse.jetty.servlet.ListenerHolder@76f9e991 - STARTED
     |   |   |   |   +- [/]=>default
     |   |   |   |   +- [*.jsp, *.jspf, *.jspx, *.xsp, *.JSP, *.JSPF, *.JSPX, *.XSP]=>jsp
     |   |   |   |   += AppEntryServlet@b2e2ba14==hello.config.AppEntryServlet,jsp=null,order=-1,inst=false - STARTED
     |   |   |   |   +- [/app/*]=>AppEntryServlet
     |   |   |   +> null
     |   |   |   +> null
     |   |   |   +> null
     |   |   |   +> []
     |   |   |   +> /={TRACE={RoleInfo,F,C[],None}, TRACE.omission={RoleInfo[],None}}
     |   |   += org.eclipse.jetty.server.session.DefaultSessionCache@57f5564d[evict=-1,removeUnloadable=false,saveOnCreate=false,saveOnInactiveEvict=false] - STARTED
     |   |   |   += org.eclipse.jetty.server.session.NullSessionDataStore@626a29d9[passivating=false,graceSec=3600] - STARTED
     |   |   +~ org.eclipse.jetty.server.session.DefaultSessionIdManager@28385767[worker=node0] - STARTED
     |   += org.eclipse.jetty.annotations.ServletContainerInitializersStarter@11b48690 - STARTED
     |   +> jdk.internal.loader.ClassLoaders$AppClassLoader@484b61fc
     |   |   +- jdk.internal.loader.ClassLoaders$PlatformClassLoader@707f7052
     |   +> Systemclasses o.e.j.w.WebAppContext@444133f4{/,file:///Users/tommackenzie/Documents/workspace/otter/example/src/test/java/integration/app/webapp,AVAILABLE}
     |   |   +- java.
     |   |   +- javax.
     |   |   +- org.eclipse.jetty.continuation.
     |   |   +- org.eclipse.jetty.jaas.
     |   |   +- org.eclipse.jetty.jmx.
     |   |   +- org.eclipse.jetty.jndi.
     |   |   +- org.eclipse.jetty.jsp.JettyJspServlet
     |   |   +- org.eclipse.jetty.servlet.DefaultServlet
     |   |   +- org.eclipse.jetty.servlets.PushCacheFilter
     |   |   +- org.eclipse.jetty.servlets.PushSessionCacheFilter
     |   |   +- org.eclipse.jetty.util.annotation.
     |   |   +- org.eclipse.jetty.util.log.
     |   |   +- org.eclipse.jetty.websocket.
     |   |   +- org.w3c.
     |   |   +- org.xml.
     |   +> Serverclasses o.e.j.w.WebAppContext@444133f4{/,file:///Users/tommackenzie/Documents/workspace/otter/example/src/test/java/integration/app/webapp,AVAILABLE}
     |   |   +- -org.eclipse.jetty.alpn.
     |   |   +- -org.eclipse.jetty.apache.
     |   |   +- -org.eclipse.jetty.continuation.
     |   |   +- -org.eclipse.jetty.jaas.
     |   |   +- -org.eclipse.jetty.jmx.
     |   |   +- -org.eclipse.jetty.jndi.
     |   |   +- -org.eclipse.jetty.jsp.
     |   |   +- -org.eclipse.jetty.server.session.SessionData
     |   |   +- -org.eclipse.jetty.servlet.DefaultServlet
     |   |   +- -org.eclipse.jetty.servlet.NoJspServlet
     |   |   +- -org.eclipse.jetty.servlet.listener.
     |   |   +- -org.eclipse.jetty.servlets.
     |   |   +- -org.eclipse.jetty.util.annotation.
     |   |   +- -org.eclipse.jetty.util.log.
     |   |   +- -org.eclipse.jetty.websocket.
     |   |   +- org.eclipse.jdt.
     |   |   +- org.eclipse.jetty.
     |   |   +- org.objectweb.asm.
     |   +> Configurations o.e.j.w.WebAppContext@444133f4{/,file:///Users/tommackenzie/Documents/workspace/otter/example/src/test/java/integration/app/webapp,AVAILABLE}
     |   |   +- org.eclipse.jetty.webapp.WebInfConfiguration@6c8efdd5
     |   |   +- org.eclipse.jetty.webapp.WebXmlConfiguration@5f99357c
     |   |   +- org.eclipse.jetty.annotations.AnnotationConfiguration@35f0d287
     |   +> Handler attributes o.e.j.w.WebAppContext@444133f4{/,file:///Users/tommackenzie/Documents/workspace/otter/example/src/test/java/integration/app/webapp,AVAILABLE}
     |   |   +- javax.servlet.context.tempdir=/private/var/folders/qt/v545pzq92v1csvqx8x8brd4c0000gp/T/jetty-0.0.0.0-0-webapp-_-any-16819532545891773089.dir
     |   |   +- org.eclipse.jetty.server.webapp.ContainerIncludeJarPattern=.*/[^/]*servlet-api-[^/]*\.jar$|.*/javax.servlet.jsp.jstl-.*\.jar$|.*/[^/]*taglibs.*\.jar$
     |   |   +- org.eclipse.jetty.server.Executor=QueuedThreadPool[qtp566452721]@21c361f1{STARTED,8<=8<=200,i=5,q=0}
     |   |   +- org.eclipse.jetty.containerInitializerStarter=org.eclipse.jetty.annotations.ServletContainerInitializersStarter@11b48690
     |   +> Context attributes o.e.j.w.WebAppContext@444133f4{/,file:///Users/tommackenzie/Documents/workspace/otter/example/src/test/java/integration/app/webapp,AVAILABLE}
     |   |   +- org.eclipse.jetty.util.DecoratedObjectFactory=org.eclipse.jetty.util.DecoratedObjectFactory[decorators=2]
     |   |   +- resourceCache=ResourceCache[null,org.eclipse.jetty.servlet.DefaultServlet@1bbe7737]@219845609
     |   |   +- org.apache.tomcat.InstanceManager=org.apache.tomcat.SimpleInstanceManager@3e4d0c27
     |   |   +- org.apache.jasper.compiler.TldCache=org.apache.jasper.compiler.TldCache@14b7f17b
     |   +> Initparams o.e.j.w.WebAppContext@444133f4{/,file:///Users/tommackenzie/Documents/workspace/otter/example/src/test/java/integration/app/webapp,AVAILABLE}
     |       +- org.eclipse.jetty.servlet.Default.dirAllowed=false
     += ServerConnector@d676c90{HTTP/1.1,[http/1.1]}{0.0.0.0:62146} - STARTED
     |   +~ org.eclipse.jetty.server.Server@2067b0e7[9.4.9.v20180320] - STARTING
     |   +~ QueuedThreadPool[qtp566452721]@21c361f1{STARTED,8<=8<=200,i=5,q=0} - STARTED
     |   += org.eclipse.jetty.util.thread.ScheduledExecutorScheduler@2ccef512 - STARTED
     |   +- org.eclipse.jetty.io.ArrayByteBufferPool@7c582b15
     |   += HttpConnectionFactory@47040245[HTTP/1.1] - STARTED
     |   |   +- HttpConfiguration@25847aac{32768/8192,8192/8192,https://:0,[]}
     |   += SelectorManager@ServerConnector@d676c90{HTTP/1.1,[http/1.1]}{0.0.0.0:62146} - STARTED
     |   |   += org.eclipse.jetty.io.ManagedSelector@59a5768d id=0 keys=0 selected=0 updates=0 - STARTED
     |   |   |   += EatWhatYouKill@1b035888/SelectorProducer@228b5cd7/PRODUCING/p=false/QueuedThreadPool[qtp566452721]@21c361f1{STARTED,8<=8<=200,i=5,q=0}[pc=0,pic=0,pec=0,epc=0]@2018-04-23T09:23:35.039205-05:00 - STARTED
     |   |   |   |   +- SelectorProducer@228b5cd7
     |   |   |   |   +~ QueuedThreadPool[qtp566452721]@21c361f1{STARTED,8<=8<=200,i=5,q=0} - STARTED
     |   |   |   +> updates @ 2018-04-23T09:23:35.028221-05:00
     |   |   |   +> keys @ 2018-04-23T09:23:35.032624-05:00
     |   |   |       +- sun.nio.ch.KQueueSelectorImpl@19e4e122 keys=0
     |   |   += org.eclipse.jetty.io.ManagedSelector@7e65ce81 id=1 keys=0 selected=0 updates=0 - STARTED
     |   |       += EatWhatYouKill@22312bcc/SelectorProducer@796ec667/PRODUCING/p=false/QueuedThreadPool[qtp566452721]@21c361f1{STARTED,8<=8<=200,i=5,q=0}[pc=0,pic=0,pec=0,epc=0]@2018-04-23T09:23:35.042493-05:00 - STARTED
     |   |       |   +- SelectorProducer@796ec667
     |   |       |   +~ QueuedThreadPool[qtp566452721]@21c361f1{STARTED,8<=8<=200,i=5,q=0} - STARTED
     |   |       +> updates @ 2018-04-23T09:23:35.040116-05:00
     |   |       +> keys @ 2018-04-23T09:23:35.041134-05:00
     |   |           +- sun.nio.ch.KQueueSelectorImpl@5784fd90 keys=0
     |   +- sun.nio.ch.ServerSocketChannelImpl[/0:0:0:0:0:0:0:0:62146]
     |   +- qtp566452721-21-acceptor-0@3a08294-ServerConnector@d676c90{HTTP/1.1,[http/1.1]}{0.0.0.0:62146}
     += org.eclipse.jetty.server.NCSARequestLog@1fb5079 - STARTED
     += org.eclipse.jetty.server.handler.ErrorHandler@51ba8701 - STARTED
     += org.eclipse.jetty.server.session.DefaultSessionIdManager@28385767[worker=node0] - STARTED
     |   += org.eclipse.jetty.server.session.HouseKeeper@7a7ea9b1[interval=660000, ownscheduler=true] - STARTED
     +> jdk.internal.loader.ClassLoaders$AppClassLoader@484b61fc
         +- jdk.internal.loader.ClassLoaders$PlatformClassLoader@707f7052
    [Test worker] INFO org.eclipse.jetty.server.Server - Started @2805ms

suite.IntegrationTestSuite > hello.controller.HelloResourceTest.getShouldReturn200 STANDARD_OUT
    2018-04-23T09:23:36,136 DEBUG qtp566452721-15 async.OtterAsyncListener:23 - Async Done: GET /app/notFound

suite.IntegrationTestSuite > hello.controller.HelloResourceTest.getShouldReturn200 STANDARD_ERROR
    [qtp566452721-15] WARN org.eclipse.jetty.server.handler.ErrorHandler - Error page loop /notFound

suite.IntegrationTestSuite > hello.controller.HelloResourceTest.getShouldReturn200 STANDARD_OUT
    2018-04-23T09:23:36,154 DEBUG qtp566452721-15 async.OtterAsyncListener:23 - Async Done: GET /WEB-INF/jsp/hello.jsp

suite.IntegrationTestSuite > hello.controller.HelloResourceTest.getShouldReturn200 FAILED
    java.lang.AssertionError: Attempted GET http://10.2.98.64:62146/hello
    Expected: is <200>
         but: was <404>
        at org.hamcrest.MatcherAssert.assertThat(MatcherAssert.java:20)
        at org.junit.Assert.assertThat(Assert.java:956)
        at hello.controller.HelloResourceTest.getShouldReturn200(HelloResourceTest.java:39)

suite.IntegrationTestSuite > hello.controller.HelloRestResourceTest.postShouldReturn201 STANDARD_OUT
    2018-04-23T09:23:36,271 DEBUG qtp566452721-20 async.OtterAsyncListener:23 - Async Done: POST /app/rest/hello

suite.IntegrationTestSuite > hello.controller.HelloRestResourceTest.getShouldReturn200 STANDARD_OUT
    2018-04-23T09:23:36,277 DEBUG qtp566452721-17 async.OtterAsyncListener:23 - Async Done: GET /app/rest/hello

suite.IntegrationTestSuite > hello.controller.LoginResourceTest.postShouldReturn200 STANDARD_ERROR
    [qtp566452721-16] WARN org.eclipse.jetty.server.handler.ErrorHandler - Error page loop /notFound

suite.IntegrationTestSuite > hello.controller.LoginResourceTest.postShouldReturn200 STANDARD_OUT
    2018-04-23T09:23:36,340 DEBUG qtp566452721-16 async.OtterAsyncListener:23 - Async Done: GET /WEB-INF/jsp/login.jsp

suite.IntegrationTestSuite > hello.controller.LoginResourceTest.postShouldReturn200 FAILED
    java.lang.AssertionError: Attempted GET http://10.2.98.64:62146/login
    Expected: is <200>
         but: was <404>
        at org.hamcrest.MatcherAssert.assertThat(MatcherAssert.java:20)
        at org.junit.Assert.assertThat(Assert.java:956)
        at hello.controller.LoginResourceTest.postShouldReturn200(LoginResourceTest.java:94)

suite.IntegrationTestSuite > hello.controller.LoginResourceTest.postShouldReturn403 STANDARD_OUT
    2018-04-23T09:23:36,351 DEBUG qtp566452721-17 servlet.ServletGateway:61 - CSRF failed
    org.rootservices.otter.router.exception.CsrfException: CSRF failed
    	at org.rootservices.otter.security.csrf.between.CheckCSRF.process(CheckCSRF.java:47) ~[otter-1.3-SNAPSHOT.jar:?]
    	at org.rootservices.otter.router.Engine.executeBetween(Engine.java:86) ~[otter-1.3-SNAPSHOT.jar:?]
    	at org.rootservices.otter.router.Engine.executeResourceMethod(Engine.java:49) ~[otter-1.3-SNAPSHOT.jar:?]
    	at org.rootservices.otter.router.Engine.route(Engine.java:32) ~[otter-1.3-SNAPSHOT.jar:?]
    	at org.rootservices.otter.gateway.servlet.ServletGateway.processRequest(ServletGateway.java:56) [otter-1.3-SNAPSHOT.jar:?]
    	at org.rootservices.otter.servlet.async.ReadListenerImpl.onAllDataRead(ReadListenerImpl.java:48) [otter-1.3-SNAPSHOT.jar:?]
    	at org.eclipse.jetty.server.HttpInput.run(HttpInput.java:894) [jetty-server-9.4.9.v20180320.jar:9.4.9.v20180320]
    	at org.eclipse.jetty.server.handler.ContextHandler.handle(ContextHandler.java:1339) [jetty-server-9.4.9.v20180320.jar:9.4.9.v20180320]
    	at org.eclipse.jetty.server.HttpChannel.handle(HttpChannel.java:454) [jetty-server-9.4.9.v20180320.jar:9.4.9.v20180320]
    	at org.eclipse.jetty.server.HttpConnection.onFillable(HttpConnection.java:260) [jetty-server-9.4.9.v20180320.jar:9.4.9.v20180320]
    	at org.eclipse.jetty.io.AbstractConnection$ReadCallback.succeeded(AbstractConnection.java:281) [jetty-io-9.4.9.v20180320.jar:9.4.9.v20180320]
    	at org.eclipse.jetty.io.FillInterest.fillable(FillInterest.java:102) [jetty-io-9.4.9.v20180320.jar:9.4.9.v20180320]
    	at org.eclipse.jetty.io.ChannelEndPoint$2.run(ChannelEndPoint.java:118) [jetty-io-9.4.9.v20180320.jar:9.4.9.v20180320]
    	at org.eclipse.jetty.util.thread.strategy.EatWhatYouKill.doProduce(EatWhatYouKill.java:319) [jetty-util-9.4.9.v20180320.jar:9.4.9.v20180320]
    	at org.eclipse.jetty.util.thread.strategy.EatWhatYouKill.tryProduce(EatWhatYouKill.java:175) [jetty-util-9.4.9.v20180320.jar:9.4.9.v20180320]
    	at org.eclipse.jetty.util.thread.strategy.EatWhatYouKill.run(EatWhatYouKill.java:133) [jetty-util-9.4.9.v20180320.jar:9.4.9.v20180320]
    	at org.eclipse.jetty.util.thread.ReservedThreadExecutor$ReservedThread.run(ReservedThreadExecutor.java:366) [jetty-util-9.4.9.v20180320.jar:9.4.9.v20180320]
    	at org.eclipse.jetty.util.thread.QueuedThreadPool.runJob(QueuedThreadPool.java:754) [jetty-util-9.4.9.v20180320.jar:9.4.9.v20180320]
    	at org.eclipse.jetty.util.thread.QueuedThreadPool$2.run(QueuedThreadPool.java:672) [jetty-util-9.4.9.v20180320.jar:9.4.9.v20180320]
    	at java.lang.Thread.run(Thread.java:844) [?:?]
    2018-04-23T09:23:36,361 DEBUG qtp566452721-17 async.OtterAsyncListener:23 - Async Done: POST /app/login

suite.IntegrationTestSuite > hello.controller.LoginResourceTest.getShouldReturn200 STANDARD_ERROR
    [qtp566452721-16] WARN org.eclipse.jetty.server.handler.ErrorHandler - Error page loop /notFound

suite.IntegrationTestSuite > hello.controller.LoginResourceTest.getShouldReturn200 STANDARD_OUT
    2018-04-23T09:23:36,374 DEBUG qtp566452721-16 async.OtterAsyncListener:23 - Async Done: GET /WEB-INF/jsp/login.jsp

suite.IntegrationTestSuite > hello.controller.LoginResourceTest.getShouldReturn200 FAILED
    java.lang.AssertionError: Attempted GET http://10.2.98.64:62146/login
    Expected: is <200>
         but: was <404>
        at org.hamcrest.MatcherAssert.assertThat(MatcherAssert.java:20)
        at org.junit.Assert.assertThat(Assert.java:956)
        at hello.controller.LoginResourceTest.getShouldReturn200(LoginResourceTest.java:50)

suite.IntegrationTestSuite > hello.controller.LoginSessionResourceTest.postShouldReturn200 STANDARD_OUT
    2018-04-23T09:23:36,405 DEBUG qtp566452721-17 between.EncryptSession:81 - Not re-encrypting session cookie

suite.IntegrationTestSuite > hello.controller.LoginSessionResourceTest.postShouldReturn200 STANDARD_ERROR
    [qtp566452721-17] WARN org.eclipse.jetty.server.handler.ErrorHandler - Error page loop /notFound

suite.IntegrationTestSuite > hello.controller.LoginSessionResourceTest.postShouldReturn200 STANDARD_OUT
    2018-04-23T09:23:36,411 DEBUG qtp566452721-17 async.OtterAsyncListener:23 - Async Done: GET /WEB-INF/jsp/login-with-session.jsp

suite.IntegrationTestSuite > hello.controller.LoginSessionResourceTest.postShouldReturn200 FAILED
    java.lang.AssertionError: Attempted GET http://10.2.98.64:62146/login-with-session
    Expected: is <200>
         but: was <404>
        at org.hamcrest.MatcherAssert.assertThat(MatcherAssert.java:20)
        at org.junit.Assert.assertThat(Assert.java:956)
        at hello.controller.LoginSessionResourceTest.postShouldReturn200(LoginSessionResourceTest.java:109)

suite.IntegrationTestSuite > hello.controller.LoginSessionResourceTest.postWhenNoCsrfCookieShouldReturn403 STANDARD_OUT
    2018-04-23T09:23:36,416 DEBUG qtp566452721-16 servlet.ServletGateway:61 - CSRF failed
    org.rootservices.otter.router.exception.CsrfException: CSRF failed
    	at org.rootservices.otter.security.csrf.between.CheckCSRF.process(CheckCSRF.java:47) ~[otter-1.3-SNAPSHOT.jar:?]
    	at org.rootservices.otter.router.Engine.executeBetween(Engine.java:86) ~[otter-1.3-SNAPSHOT.jar:?]
    	at org.rootservices.otter.router.Engine.executeResourceMethod(Engine.java:49) ~[otter-1.3-SNAPSHOT.jar:?]
    	at org.rootservices.otter.router.Engine.route(Engine.java:32) ~[otter-1.3-SNAPSHOT.jar:?]
    	at org.rootservices.otter.gateway.servlet.ServletGateway.processRequest(ServletGateway.java:56) [otter-1.3-SNAPSHOT.jar:?]
    	at org.rootservices.otter.servlet.async.ReadListenerImpl.onAllDataRead(ReadListenerImpl.java:48) [otter-1.3-SNAPSHOT.jar:?]
    	at org.eclipse.jetty.server.HttpInput.run(HttpInput.java:894) [jetty-server-9.4.9.v20180320.jar:9.4.9.v20180320]
    	at org.eclipse.jetty.server.handler.ContextHandler.handle(ContextHandler.java:1339) [jetty-server-9.4.9.v20180320.jar:9.4.9.v20180320]
    	at org.eclipse.jetty.server.HttpChannel.handle(HttpChannel.java:454) [jetty-server-9.4.9.v20180320.jar:9.4.9.v20180320]
    	at org.eclipse.jetty.server.HttpConnection.onFillable(HttpConnection.java:260) [jetty-server-9.4.9.v20180320.jar:9.4.9.v20180320]
    	at org.eclipse.jetty.io.AbstractConnection$ReadCallback.succeeded(AbstractConnection.java:281) [jetty-io-9.4.9.v20180320.jar:9.4.9.v20180320]
    	at org.eclipse.jetty.io.FillInterest.fillable(FillInterest.java:102) [jetty-io-9.4.9.v20180320.jar:9.4.9.v20180320]
    	at org.eclipse.jetty.io.ChannelEndPoint$2.run(ChannelEndPoint.java:118) [jetty-io-9.4.9.v20180320.jar:9.4.9.v20180320]
    	at org.eclipse.jetty.util.thread.strategy.EatWhatYouKill.doProduce(EatWhatYouKill.java:319) [jetty-util-9.4.9.v20180320.jar:9.4.9.v20180320]
    	at org.eclipse.jetty.util.thread.strategy.EatWhatYouKill.tryProduce(EatWhatYouKill.java:175) [jetty-util-9.4.9.v20180320.jar:9.4.9.v20180320]
    	at org.eclipse.jetty.util.thread.strategy.EatWhatYouKill.run(EatWhatYouKill.java:133) [jetty-util-9.4.9.v20180320.jar:9.4.9.v20180320]
    	at org.eclipse.jetty.util.thread.ReservedThreadExecutor$ReservedThread.run(ReservedThreadExecutor.java:366) [jetty-util-9.4.9.v20180320.jar:9.4.9.v20180320]
    	at org.eclipse.jetty.util.thread.QueuedThreadPool.runJob(QueuedThreadPool.java:754) [jetty-util-9.4.9.v20180320.jar:9.4.9.v20180320]
    	at org.eclipse.jetty.util.thread.QueuedThreadPool$2.run(QueuedThreadPool.java:672) [jetty-util-9.4.9.v20180320.jar:9.4.9.v20180320]
    	at java.lang.Thread.run(Thread.java:844) [?:?]
    2018-04-23T09:23:36,419 DEBUG qtp566452721-16 async.OtterAsyncListener:23 - Async Done: POST /app/login-with-session

suite.IntegrationTestSuite > hello.controller.LoginSessionResourceTest.postWhenNoSessionCookieShouldReturn401 STANDARD_OUT
    2018-04-23T09:23:36,425 DEBUG qtp566452721-17 between.EncryptSession:81 - Not re-encrypting session cookie

suite.IntegrationTestSuite > hello.controller.LoginSessionResourceTest.postWhenNoSessionCookieShouldReturn401 STANDARD_ERROR
    [qtp566452721-17] WARN org.eclipse.jetty.server.handler.ErrorHandler - Error page loop /notFound

suite.IntegrationTestSuite > hello.controller.LoginSessionResourceTest.postWhenNoSessionCookieShouldReturn401 STANDARD_OUT
    2018-04-23T09:23:36,429 DEBUG qtp566452721-17 async.OtterAsyncListener:23 - Async Done: GET /WEB-INF/jsp/login-with-session.jsp

suite.IntegrationTestSuite > hello.controller.LoginSessionResourceTest.postWhenNoSessionCookieShouldReturn401 FAILED
    java.lang.AssertionError: Attempted GET http://10.2.98.64:62146/login-with-session
    Expected: is <200>
         but: was <404>
        at org.hamcrest.MatcherAssert.assertThat(MatcherAssert.java:20)
        at org.junit.Assert.assertThat(Assert.java:956)
        at hello.controller.LoginSessionResourceTest.postWhenNoSessionCookieShouldReturn401(LoginSessionResourceTest.java:195)

suite.IntegrationTestSuite > hello.controller.LoginSessionResourceTest.getShouldReturn200 STANDARD_OUT
    2018-04-23T09:23:36,440 DEBUG qtp566452721-16 between.EncryptSession:81 - Not re-encrypting session cookie

suite.IntegrationTestSuite > hello.controller.LoginSessionResourceTest.getShouldReturn200 STANDARD_ERROR
    [qtp566452721-16] WARN org.eclipse.jetty.server.handler.ErrorHandler - Error page loop /notFound

suite.IntegrationTestSuite > hello.controller.LoginSessionResourceTest.getShouldReturn200 STANDARD_OUT
    2018-04-23T09:23:36,444 DEBUG qtp566452721-16 async.OtterAsyncListener:23 - Async Done: GET /WEB-INF/jsp/login-with-session.jsp

suite.IntegrationTestSuite > hello.controller.LoginSessionResourceTest.getShouldReturn200 FAILED
    java.lang.AssertionError: Attempted GET http://10.2.98.64:62146/login-with-session
    Expected: is <200>
         but: was <404>
        at org.hamcrest.MatcherAssert.assertThat(MatcherAssert.java:20)
        at org.junit.Assert.assertThat(Assert.java:956)
        at hello.controller.LoginSessionResourceTest.getShouldReturn200(LoginSessionResourceTest.java:70)

suite.IntegrationTestSuite > hello.controller.ProtectedResourceTest.getWhenNoSessionShouldReturn401 STANDARD_OUT
    2018-04-23T09:23:36,453 DEBUG qtp566452721-17 servlet.ServletGateway:61 - session cookie not present.
    org.rootservices.otter.router.exception.HaltException: session cookie not present.
    	at org.rootservices.otter.security.session.between.DecryptSession.process(DecryptSession.java:74) ~[otter-1.3-SNAPSHOT.jar:?]
    	at org.rootservices.otter.router.Engine.executeBetween(Engine.java:86) ~[otter-1.3-SNAPSHOT.jar:?]
    	at org.rootservices.otter.router.Engine.executeResourceMethod(Engine.java:49) ~[otter-1.3-SNAPSHOT.jar:?]
    	at org.rootservices.otter.router.Engine.route(Engine.java:32) ~[otter-1.3-SNAPSHOT.jar:?]
    	at org.rootservices.otter.gateway.servlet.ServletGateway.processRequest(ServletGateway.java:56) [otter-1.3-SNAPSHOT.jar:?]
    	at org.rootservices.otter.servlet.async.ReadListenerImpl.onAllDataRead(ReadListenerImpl.java:48) [otter-1.3-SNAPSHOT.jar:?]
    	at org.eclipse.jetty.server.HttpInput.run(HttpInput.java:894) [jetty-server-9.4.9.v20180320.jar:9.4.9.v20180320]
    	at org.eclipse.jetty.server.handler.ContextHandler.handle(ContextHandler.java:1339) [jetty-server-9.4.9.v20180320.jar:9.4.9.v20180320]
    	at org.eclipse.jetty.server.HttpChannel.handle(HttpChannel.java:454) [jetty-server-9.4.9.v20180320.jar:9.4.9.v20180320]
    	at org.eclipse.jetty.server.HttpConnection.onFillable(HttpConnection.java:260) [jetty-server-9.4.9.v20180320.jar:9.4.9.v20180320]
    	at org.eclipse.jetty.io.AbstractConnection$ReadCallback.succeeded(AbstractConnection.java:281) [jetty-io-9.4.9.v20180320.jar:9.4.9.v20180320]
    	at org.eclipse.jetty.io.FillInterest.fillable(FillInterest.java:102) [jetty-io-9.4.9.v20180320.jar:9.4.9.v20180320]
    	at org.eclipse.jetty.io.ChannelEndPoint$2.run(ChannelEndPoint.java:118) [jetty-io-9.4.9.v20180320.jar:9.4.9.v20180320]
    	at org.eclipse.jetty.util.thread.strategy.EatWhatYouKill.doProduce(EatWhatYouKill.java:319) [jetty-util-9.4.9.v20180320.jar:9.4.9.v20180320]
    	at org.eclipse.jetty.util.thread.strategy.EatWhatYouKill.tryProduce(EatWhatYouKill.java:175) [jetty-util-9.4.9.v20180320.jar:9.4.9.v20180320]
    	at org.eclipse.jetty.util.thread.strategy.EatWhatYouKill.run(EatWhatYouKill.java:133) [jetty-util-9.4.9.v20180320.jar:9.4.9.v20180320]
    	at org.eclipse.jetty.util.thread.ReservedThreadExecutor$ReservedThread.run(ReservedThreadExecutor.java:366) [jetty-util-9.4.9.v20180320.jar:9.4.9.v20180320]
    	at org.eclipse.jetty.util.thread.QueuedThreadPool.runJob(QueuedThreadPool.java:754) [jetty-util-9.4.9.v20180320.jar:9.4.9.v20180320]
    	at org.eclipse.jetty.util.thread.QueuedThreadPool$2.run(QueuedThreadPool.java:672) [jetty-util-9.4.9.v20180320.jar:9.4.9.v20180320]
    	at java.lang.Thread.run(Thread.java:844) [?:?]
    2018-04-23T09:23:36,455 DEBUG qtp566452721-17 async.OtterAsyncListener:23 - Async Done: GET /app/protected

suite.IntegrationTestSuite > hello.controller.ProtectedResourceTest.postShouldReturn200 STANDARD_OUT
    2018-04-23T09:23:36,528 DEBUG qtp566452721-16 between.EncryptSession:81 - Not re-encrypting session cookie

suite.IntegrationTestSuite > hello.controller.ProtectedResourceTest.postWhenNoSessionShouldReturn403 STANDARD_OUT
    2018-04-23T09:23:36,532 DEBUG qtp566452721-16 async.OtterAsyncListener:23 - Async Done: POST /app/protected
    2018-04-23T09:23:36,541 DEBUG qtp566452721-16 servlet.ServletGateway:61 - session cookie not present.
    org.rootservices.otter.router.exception.HaltException: session cookie not present.
    	at org.rootservices.otter.security.session.between.DecryptSession.process(DecryptSession.java:74) ~[otter-1.3-SNAPSHOT.jar:?]
    	at org.rootservices.otter.router.Engine.executeBetween(Engine.java:86) ~[otter-1.3-SNAPSHOT.jar:?]
    	at org.rootservices.otter.router.Engine.executeResourceMethod(Engine.java:49) ~[otter-1.3-SNAPSHOT.jar:?]
    	at org.rootservices.otter.router.Engine.route(Engine.java:32) ~[otter-1.3-SNAPSHOT.jar:?]
    	at org.rootservices.otter.gateway.servlet.ServletGateway.processRequest(ServletGateway.java:56) [otter-1.3-SNAPSHOT.jar:?]
    	at org.rootservices.otter.servlet.async.ReadListenerImpl.onAllDataRead(ReadListenerImpl.java:48) [otter-1.3-SNAPSHOT.jar:?]
    	at org.eclipse.jetty.server.HttpInput.run(HttpInput.java:894) [jetty-server-9.4.9.v20180320.jar:9.4.9.v20180320]
    	at org.eclipse.jetty.server.handler.ContextHandler.handle(ContextHandler.java:1339) [jetty-server-9.4.9.v20180320.jar:9.4.9.v20180320]
    	at org.eclipse.jetty.server.HttpChannel.handle(HttpChannel.java:454) [jetty-server-9.4.9.v20180320.jar:9.4.9.v20180320]
    	at org.eclipse.jetty.server.HttpConnection.onFillable(HttpConnection.java:260) [jetty-server-9.4.9.v20180320.jar:9.4.9.v20180320]
    	at org.eclipse.jetty.io.AbstractConnection$ReadCallback.succeeded(AbstractConnection.java:281) [jetty-io-9.4.9.v20180320.jar:9.4.9.v20180320]
    	at org.eclipse.jetty.io.FillInterest.fillable(FillInterest.java:102) [jetty-io-9.4.9.v20180320.jar:9.4.9.v20180320]
    	at org.eclipse.jetty.io.ChannelEndPoint$2.run(ChannelEndPoint.java:118) [jetty-io-9.4.9.v20180320.jar:9.4.9.v20180320]
    	at org.eclipse.jetty.util.thread.strategy.EatWhatYouKill.doProduce(EatWhatYouKill.java:319) [jetty-util-9.4.9.v20180320.jar:9.4.9.v20180320]
    	at org.eclipse.jetty.util.thread.strategy.EatWhatYouKill.tryProduce(EatWhatYouKill.java:175) [jetty-util-9.4.9.v20180320.jar:9.4.9.v20180320]
    	at org.eclipse.jetty.util.thread.strategy.EatWhatYouKill.run(EatWhatYouKill.java:133) [jetty-util-9.4.9.v20180320.jar:9.4.9.v20180320]
    	at org.eclipse.jetty.util.thread.ReservedThreadExecutor$ReservedThread.run(ReservedThreadExecutor.java:366) [jetty-util-9.4.9.v20180320.jar:9.4.9.v20180320]
    	at org.eclipse.jetty.util.thread.QueuedThreadPool.runJob(QueuedThreadPool.java:754) [jetty-util-9.4.9.v20180320.jar:9.4.9.v20180320]
    	at org.eclipse.jetty.util.thread.QueuedThreadPool$2.run(QueuedThreadPool.java:672) [jetty-util-9.4.9.v20180320.jar:9.4.9.v20180320]
    	at java.lang.Thread.run(Thread.java:844) [?:?]

suite.IntegrationTestSuite > hello.controller.ProtectedResourceTest.getShouldReturn200 STANDARD_OUT
    2018-04-23T09:23:36,543 DEBUG qtp566452721-16 async.OtterAsyncListener:23 - Async Done: POST /app/protected
    2018-04-23T09:23:36,559 DEBUG qtp566452721-16 between.EncryptSession:81 - Not re-encrypting session cookie
    2018-04-23T09:23:36,560 DEBUG qtp566452721-16 async.OtterAsyncListener:23 - Async Done: GET /app/protected

suite.IntegrationTestSuite > hello.controller.AssetsTest.getJavaScriptShouldReturn200 STANDARD_ERROR
    [qtp566452721-16] WARN org.eclipse.jetty.server.handler.ErrorHandler - Error page loop /notFound

suite.IntegrationTestSuite > hello.controller.AssetsTest.getJavaScriptShouldReturn200 FAILED
    java.lang.AssertionError: Attempted to get js assets http://10.2.98.64:62146/assets/js/jquery-3.3.1.min.js
    Expected: is <200>
         but: was <404>
        at org.hamcrest.MatcherAssert.assertThat(MatcherAssert.java:20)
        at org.junit.Assert.assertThat(Assert.java:956)
        at hello.controller.AssetsTest.getJavaScriptShouldReturn200(AssetsTest.java:39)

suite.IntegrationTestSuite > hello.controller.AssetsTest.getCssShouldReturn200 STANDARD_ERROR
    [qtp566452721-16] WARN org.eclipse.jetty.server.handler.ErrorHandler - Error page loop /notFound

suite.IntegrationTestSuite > hello.controller.AssetsTest.getCssShouldReturn200 FAILED
    java.lang.AssertionError: Attempted to get css assets http://10.2.98.64:62146/assets/bootstrap/css/bootstrap.min.css
    Expected: is <200>
         but: was <404>
        at org.hamcrest.MatcherAssert.assertThat(MatcherAssert.java:20)
        at org.junit.Assert.assertThat(Assert.java:956)
        at hello.controller.AssetsTest.getCssShouldReturn200(AssetsTest.java:54)

suite.IntegrationTestSuite STANDARD_ERROR
    [Test worker] INFO org.eclipse.jetty.server.AbstractConnector - Stopped ServerConnector@d676c90{HTTP/1.1,[http/1.1]}{0.0.0.0:0}
    [Test worker] INFO org.eclipse.jetty.server.session - Stopped scavenging
    [Test worker] INFO org.eclipse.jetty.server.handler.ContextHandler - Stopped o.e.j.w.WebAppContext@444133f4{/,file:///Users/tommackenzie/Documents/workspace/otter/example/src/test/java/integration/app/webapp,UNAVAILABLE}
Gradle Test Executor 9 finished executing tests.
Finished generating test XML results (0.007 secs) into: /Users/tommackenzie/Documents/workspace/otter/example/build/test-results/test
Generating HTML test report...
Finished generating test html results (0.007 secs) into: /Users/tommackenzie/Documents/workspace/otter/example/build/reports/tests/test
:example:test FAILED
:example:test (Thread[Task worker for ':' Thread 2,5,main]) completed. Took 4.562 secs.
8 actionable tasks: 8 executed
