<?xml version="1.0" encoding="UTF-8"?>
<testsuite name="org.rootservices.otter.security.session.between.EncryptSessionTest" tests="9" skipped="0" failures="0" errors="0" timestamp="2018-04-23T15:41:01" hostname="Kristins-MacBook-Pro.local" time="0.025">
  <properties/>
  <testcase name="shouldEncryptWhenResponseSessionNotPresentShouldReturnFalse" classname="org.rootservices.otter.security.session.between.EncryptSessionTest" time="0.001"/>
  <testcase name="processShouldSetSession" classname="org.rootservices.otter.security.session.between.EncryptSessionTest" time="0.004"/>
  <testcase name="shouldEncryptWhenSessionsEqualShouldReturnFalse" classname="org.rootservices.otter.security.session.between.EncryptSessionTest" time="0.0"/>
  <testcase name="setCookieConfig" classname="org.rootservices.otter.security.session.between.EncryptSessionTest" time="0.001"/>
  <testcase name="shouldEncryptWhenRequestSessionNotPresentShouldReturnFalse" classname="org.rootservices.otter.security.session.between.EncryptSessionTest" time="0.001"/>
  <testcase name="setPreferredKey" classname="org.rootservices.otter.security.session.between.EncryptSessionTest" time="0.0"/>
  <testcase name="encryptShouldBeOk" classname="org.rootservices.otter.security.session.between.EncryptSessionTest" time="0.001"/>
  <testcase name="processWhenEncryptSessionExceptionShouldHalt" classname="org.rootservices.otter.security.session.between.EncryptSessionTest" time="0.014"/>
  <testcase name="shouldEncryptWhenSessionsDiffShouldReturnTrue" classname="org.rootservices.otter.security.session.between.EncryptSessionTest" time="0.001"/>
  <system-out><![CDATA[2018-04-23T10:41:01,442 ERROR Test worker between.EncryptSession:69 - Key was invalid when initializing cipher
org.rootservices.otter.security.session.between.exception.EncryptSessionException: Key was invalid when initializing cipher
	at org.rootservices.otter.security.session.between.EncryptSession.encrypt(EncryptSession.java:120) ~[main/:?]
	at org.rootservices.otter.security.session.between.EncryptSession.process(EncryptSession.java:67) [main/:?]
	at org.rootservices.otter.security.session.between.EncryptSessionTest.processWhenEncryptSessionExceptionShouldHalt(EncryptSessionTest.java:100) [test/:?]
	at jdk.internal.reflect.NativeMethodAccessorImpl.invoke0(Native Method) ~[?:?]
	at jdk.internal.reflect.NativeMethodAccessorImpl.invoke(NativeMethodAccessorImpl.java:62) ~[?:?]
	at jdk.internal.reflect.DelegatingMethodAccessorImpl.invoke(DelegatingMethodAccessorImpl.java:43) ~[?:?]
	at java.lang.reflect.Method.invoke(Method.java:564) ~[?:?]
	at org.junit.runners.model.FrameworkMethod$1.runReflectiveCall(FrameworkMethod.java:50) [junit-4.12.jar:4.12]
	at org.junit.internal.runners.model.ReflectiveCallable.run(ReflectiveCallable.java:12) [junit-4.12.jar:4.12]
	at org.junit.runners.model.FrameworkMethod.invokeExplosively(FrameworkMethod.java:47) [junit-4.12.jar:4.12]
	at org.junit.internal.runners.statements.InvokeMethod.evaluate(InvokeMethod.java:17) [junit-4.12.jar:4.12]
	at org.junit.internal.runners.statements.RunBefores.evaluate(RunBefores.java:26) [junit-4.12.jar:4.12]
	at org.junit.runners.ParentRunner.runLeaf(ParentRunner.java:325) [junit-4.12.jar:4.12]
	at org.junit.runners.BlockJUnit4ClassRunner.runChild(BlockJUnit4ClassRunner.java:78) [junit-4.12.jar:4.12]
	at org.junit.runners.BlockJUnit4ClassRunner.runChild(BlockJUnit4ClassRunner.java:57) [junit-4.12.jar:4.12]
	at org.junit.runners.ParentRunner$3.run(ParentRunner.java:290) [junit-4.12.jar:4.12]
	at org.junit.runners.ParentRunner$1.schedule(ParentRunner.java:71) [junit-4.12.jar:4.12]
	at org.junit.runners.ParentRunner.runChildren(ParentRunner.java:288) [junit-4.12.jar:4.12]
	at org.junit.runners.ParentRunner.access$000(ParentRunner.java:58) [junit-4.12.jar:4.12]
	at org.junit.runners.ParentRunner$2.evaluate(ParentRunner.java:268) [junit-4.12.jar:4.12]
	at org.junit.runners.ParentRunner.run(ParentRunner.java:363) [junit-4.12.jar:4.12]
	at org.gradle.api.internal.tasks.testing.junit.JUnitTestClassExecuter.runTestClass(JUnitTestClassExecuter.java:114) [gradle-testing-jvm-4.4.jar:4.4]
	at org.gradle.api.internal.tasks.testing.junit.JUnitTestClassExecuter.execute(JUnitTestClassExecuter.java:57) [gradle-testing-jvm-4.4.jar:4.4]
	at org.gradle.api.internal.tasks.testing.junit.JUnitTestClassProcessor.processTestClass(JUnitTestClassProcessor.java:66) [gradle-testing-jvm-4.4.jar:4.4]
	at org.gradle.api.internal.tasks.testing.SuiteTestClassProcessor.processTestClass(SuiteTestClassProcessor.java:51) [gradle-testing-base-4.4.jar:4.4]
	at jdk.internal.reflect.GeneratedMethodAccessor9.invoke(Unknown Source) ~[?:?]
	at jdk.internal.reflect.DelegatingMethodAccessorImpl.invoke(DelegatingMethodAccessorImpl.java:43) ~[?:?]
	at java.lang.reflect.Method.invoke(Method.java:564) ~[?:?]
	at org.gradle.internal.dispatch.ReflectionDispatch.dispatch(ReflectionDispatch.java:35) [gradle-messaging-4.4.jar:4.4]
	at org.gradle.internal.dispatch.ReflectionDispatch.dispatch(ReflectionDispatch.java:24) [gradle-messaging-4.4.jar:4.4]
	at org.gradle.internal.dispatch.ContextClassLoaderDispatch.dispatch(ContextClassLoaderDispatch.java:32) [gradle-messaging-4.4.jar:4.4]
	at org.gradle.internal.dispatch.ProxyDispatchAdapter$DispatchingInvocationHandler.invoke(ProxyDispatchAdapter.java:93) [gradle-messaging-4.4.jar:4.4]
	at com.sun.proxy.$Proxy1.processTestClass(Unknown Source) [?:?]
	at org.gradle.api.internal.tasks.testing.worker.TestWorker.processTestClass(TestWorker.java:108) [gradle-testing-base-4.4.jar:4.4]
	at jdk.internal.reflect.GeneratedMethodAccessor8.invoke(Unknown Source) ~[?:?]
	at jdk.internal.reflect.DelegatingMethodAccessorImpl.invoke(DelegatingMethodAccessorImpl.java:43) ~[?:?]
	at java.lang.reflect.Method.invoke(Method.java:564) ~[?:?]
	at org.gradle.internal.dispatch.ReflectionDispatch.dispatch(ReflectionDispatch.java:35) [gradle-messaging-4.4.jar:4.4]
	at org.gradle.internal.dispatch.ReflectionDispatch.dispatch(ReflectionDispatch.java:24) [gradle-messaging-4.4.jar:4.4]
	at org.gradle.internal.remote.internal.hub.MessageHubBackedObjectConnection$DispatchWrapper.dispatch(MessageHubBackedObjectConnection.java:146) [gradle-messaging-4.4.jar:4.4]
	at org.gradle.internal.remote.internal.hub.MessageHubBackedObjectConnection$DispatchWrapper.dispatch(MessageHubBackedObjectConnection.java:128) [gradle-messaging-4.4.jar:4.4]
	at org.gradle.internal.remote.internal.hub.MessageHub$Handler.run(MessageHub.java:404) [gradle-messaging-4.4.jar:4.4]
	at org.gradle.internal.concurrent.ExecutorPolicy$CatchAndRecordFailures.onExecute(ExecutorPolicy.java:63) [gradle-base-services-4.4.jar:4.4]
	at org.gradle.internal.concurrent.ManagedExecutorImpl$1.run(ManagedExecutorImpl.java:46) [gradle-base-services-4.4.jar:4.4]
	at java.util.concurrent.ThreadPoolExecutor.runWorker(ThreadPoolExecutor.java:1167) [?:?]
	at java.util.concurrent.ThreadPoolExecutor$Worker.run(ThreadPoolExecutor.java:641) [?:?]
	at org.gradle.internal.concurrent.ThreadFactoryImpl$ManagedThreadRunnable.run(ThreadFactoryImpl.java:55) [gradle-base-services-4.4.jar:4.4]
	at java.lang.Thread.run(Thread.java:844) [?:?]
Caused by: org.rootservices.jwt.jwe.factory.exception.CipherException: Key was invalid when initializing cipher
	at org.rootservices.jwt.jwe.factory.CipherSymmetricFactory.makeCipher(CipherSymmetricFactory.java:92) ~[jwt-1.3.1-SNAPSHOT.jar:?]
	at org.rootservices.jwt.jwe.factory.CipherSymmetricFactory.forEncrypt(CipherSymmetricFactory.java:43) ~[jwt-1.3.1-SNAPSHOT.jar:?]
	at org.rootservices.jwt.jwe.serialization.direct.JweDirectSerializer.JWEToCompact(JweDirectSerializer.java:67) ~[jwt-1.3.1-SNAPSHOT.jar:?]
	at org.rootservices.otter.security.session.between.EncryptSession.encrypt(EncryptSession.java:118) ~[main/:?]
	... 47 more
Caused by: java.security.InvalidKeyException: Invalid AES key length: 27 bytes
	at com.sun.crypto.provider.AESCrypt.init(AESCrypt.java:91) ~[?:?]
	at com.sun.crypto.provider.GaloisCounterMode.init(GaloisCounterMode.java:291) ~[?:?]
	at com.sun.crypto.provider.CipherCore.init(CipherCore.java:590) ~[?:?]
	at com.sun.crypto.provider.AESCipher.engineInit(AESCipher.java:346) ~[?:?]
	at javax.crypto.Cipher.implInit(Cipher.java:832) ~[?:?]
	at javax.crypto.Cipher.chooseProvider(Cipher.java:890) ~[?:?]
	at javax.crypto.Cipher.init(Cipher.java:1422) ~[?:?]
	at javax.crypto.Cipher.init(Cipher.java:1353) ~[?:?]
	at org.rootservices.jwt.jwe.factory.CipherSymmetricFactory.makeCipher(CipherSymmetricFactory.java:90) ~[jwt-1.3.1-SNAPSHOT.jar:?]
	at org.rootservices.jwt.jwe.factory.CipherSymmetricFactory.forEncrypt(CipherSymmetricFactory.java:43) ~[jwt-1.3.1-SNAPSHOT.jar:?]
	at org.rootservices.jwt.jwe.serialization.direct.JweDirectSerializer.JWEToCompact(JweDirectSerializer.java:67) ~[jwt-1.3.1-SNAPSHOT.jar:?]
	at org.rootservices.otter.security.session.between.EncryptSession.encrypt(EncryptSession.java:118) ~[main/:?]
	... 47 more
]]></system-out>
  <system-err><![CDATA[]]></system-err>
</testsuite>
