<?xml version="1.0" encoding="UTF-8"?>
<testsuite name="org.rootservices.otter.security.session.between.DecryptSessionTest" tests="6" skipped="0" failures="0" errors="0" timestamp="2018-04-23T15:41:01" hostname="Kristins-MacBook-Pro.local" time="0.189">
  <properties/>
  <testcase name="decryptWhenJsonToJwtExceptionShouldThrowInvalidJWTException" classname="org.rootservices.otter.security.session.between.DecryptSessionTest" time="0.096"/>
  <testcase name="decryptShouldBeOk" classname="org.rootservices.otter.security.session.between.DecryptSessionTest" time="0.068"/>
  <testcase name="processShouldBeOk" classname="org.rootservices.otter.security.session.between.DecryptSessionTest" time="0.002"/>
  <testcase name="processWhenNoSessionShouldHalt" classname="org.rootservices.otter.security.session.between.DecryptSessionTest" time="0.0"/>
  <testcase name="processWhenInvalidSessionExceptionShouldHalt" classname="org.rootservices.otter.security.session.between.DecryptSessionTest" time="0.008"/>
  <testcase name="processWhenSessionDecryptExceptionShouldHalt" classname="org.rootservices.otter.security.session.between.DecryptSessionTest" time="0.013"/>
  <system-out><![CDATA[2018-04-23T10:41:01,400 ERROR Test worker between.DecryptSession:82 - Session cookie did have a header member: notAJWE
org.rootservices.otter.security.session.between.exception.InvalidSessionException: Session cookie did have a header member: notAJWE
	at org.rootservices.otter.security.session.between.DecryptSession.decrypt(DecryptSession.java:155) ~[main/:?]
	at org.rootservices.otter.security.session.between.DecryptSession.process(DecryptSession.java:80) [main/:?]
	at org.rootservices.otter.security.session.between.DecryptSessionTest.processWhenInvalidSessionExceptionShouldHalt(DecryptSessionTest.java:97) [test/:?]
	at jdk.internal.reflect.NativeMethodAccessorImpl.invoke0(Native Method) ~[?:?]
	at jdk.internal.reflect.NativeMethodAccessorImpl.invoke(NativeMethodAccessorImpl.java:62) ~[?:?]
	at jdk.internal.reflect.DelegatingMethodAccessorImpl.invoke(DelegatingMethodAccessorImpl.java:43) ~[?:?]
	at java.lang.reflect.Method.invoke(Method.java:564) ~[?:?]
	at org.junit.runners.model.FrameworkMethod$1.runReflectiveCall(FrameworkMethod.java:50) [junit-4.12.jar:4.12]
	at org.junit.internal.runners.model.ReflectiveCallable.run(ReflectiveCallable.java:12) [junit-4.12.jar:4.12]
	at org.junit.runners.model.FrameworkMethod.invokeExplosively(FrameworkMethod.java:47) [junit-4.12.jar:4.12]
	at org.junit.internal.runners.statements.InvokeMethod.evaluate(InvokeMethod.java:17) [junit-4.12.jar:4.12]
	at org.junit.internal.runners.statements.RunBefores.evaluate(RunBefores.java:26) [junit-4.12.jar:4.12]
	at org.junit.runners.ParentRunner.runLeaf(ParentRunner.java:325) [junit-4.12.jar:4.12]
	at org.junit.runners.BlockJUnit4ClassRunner.runChild(BlockJUnit4ClassRunner.java:78) [junit-4.12.jar:4.12]
	at org.junit.runners.BlockJUnit4ClassRunner.runChild(BlockJUnit4ClassRunner.java:57) [junit-4.12.jar:4.12]
	at org.junit.runners.ParentRunner$3.run(ParentRunner.java:290) [junit-4.12.jar:4.12]
	at org.junit.runners.ParentRunner$1.schedule(ParentRunner.java:71) [junit-4.12.jar:4.12]
	at org.junit.runners.ParentRunner.runChildren(ParentRunner.java:288) [junit-4.12.jar:4.12]
	at org.junit.runners.ParentRunner.access$000(ParentRunner.java:58) [junit-4.12.jar:4.12]
	at org.junit.runners.ParentRunner$2.evaluate(ParentRunner.java:268) [junit-4.12.jar:4.12]
	at org.junit.runners.ParentRunner.run(ParentRunner.java:363) [junit-4.12.jar:4.12]
	at org.gradle.api.internal.tasks.testing.junit.JUnitTestClassExecuter.runTestClass(JUnitTestClassExecuter.java:114) [gradle-testing-jvm-4.4.jar:4.4]
	at org.gradle.api.internal.tasks.testing.junit.JUnitTestClassExecuter.execute(JUnitTestClassExecuter.java:57) [gradle-testing-jvm-4.4.jar:4.4]
	at org.gradle.api.internal.tasks.testing.junit.JUnitTestClassProcessor.processTestClass(JUnitTestClassProcessor.java:66) [gradle-testing-jvm-4.4.jar:4.4]
	at org.gradle.api.internal.tasks.testing.SuiteTestClassProcessor.processTestClass(SuiteTestClassProcessor.java:51) [gradle-testing-base-4.4.jar:4.4]
	at jdk.internal.reflect.GeneratedMethodAccessor9.invoke(Unknown Source) ~[?:?]
	at jdk.internal.reflect.DelegatingMethodAccessorImpl.invoke(DelegatingMethodAccessorImpl.java:43) ~[?:?]
	at java.lang.reflect.Method.invoke(Method.java:564) ~[?:?]
	at org.gradle.internal.dispatch.ReflectionDispatch.dispatch(ReflectionDispatch.java:35) [gradle-messaging-4.4.jar:4.4]
	at org.gradle.internal.dispatch.ReflectionDispatch.dispatch(ReflectionDispatch.java:24) [gradle-messaging-4.4.jar:4.4]
	at org.gradle.internal.dispatch.ContextClassLoaderDispatch.dispatch(ContextClassLoaderDispatch.java:32) [gradle-messaging-4.4.jar:4.4]
	at org.gradle.internal.dispatch.ProxyDispatchAdapter$DispatchingInvocationHandler.invoke(ProxyDispatchAdapter.java:93) [gradle-messaging-4.4.jar:4.4]
	at com.sun.proxy.$Proxy1.processTestClass(Unknown Source) [?:?]
	at org.gradle.api.internal.tasks.testing.worker.TestWorker.processTestClass(TestWorker.java:108) [gradle-testing-base-4.4.jar:4.4]
	at jdk.internal.reflect.GeneratedMethodAccessor8.invoke(Unknown Source) ~[?:?]
	at jdk.internal.reflect.DelegatingMethodAccessorImpl.invoke(DelegatingMethodAccessorImpl.java:43) ~[?:?]
	at java.lang.reflect.Method.invoke(Method.java:564) ~[?:?]
	at org.gradle.internal.dispatch.ReflectionDispatch.dispatch(ReflectionDispatch.java:35) [gradle-messaging-4.4.jar:4.4]
	at org.gradle.internal.dispatch.ReflectionDispatch.dispatch(ReflectionDispatch.java:24) [gradle-messaging-4.4.jar:4.4]
	at org.gradle.internal.remote.internal.hub.MessageHubBackedObjectConnection$DispatchWrapper.dispatch(MessageHubBackedObjectConnection.java:146) [gradle-messaging-4.4.jar:4.4]
	at org.gradle.internal.remote.internal.hub.MessageHubBackedObjectConnection$DispatchWrapper.dispatch(MessageHubBackedObjectConnection.java:128) [gradle-messaging-4.4.jar:4.4]
	at org.gradle.internal.remote.internal.hub.MessageHub$Handler.run(MessageHub.java:404) [gradle-messaging-4.4.jar:4.4]
	at org.gradle.internal.concurrent.ExecutorPolicy$CatchAndRecordFailures.onExecute(ExecutorPolicy.java:63) [gradle-base-services-4.4.jar:4.4]
	at org.gradle.internal.concurrent.ManagedExecutorImpl$1.run(ManagedExecutorImpl.java:46) [gradle-base-services-4.4.jar:4.4]
	at java.util.concurrent.ThreadPoolExecutor.runWorker(ThreadPoolExecutor.java:1167) [?:?]
	at java.util.concurrent.ThreadPoolExecutor$Worker.run(ThreadPoolExecutor.java:641) [?:?]
	at org.gradle.internal.concurrent.ThreadFactoryImpl$ManagedThreadRunnable.run(ThreadFactoryImpl.java:55) [gradle-base-services-4.4.jar:4.4]
	at java.lang.Thread.run(Thread.java:844) [?:?]
Caused by: org.rootservices.jwt.exception.InvalidJWT: JWT is not splittable by '.'
	at org.rootservices.jwt.serialization.HeaderDeserializer.toHeader(HeaderDeserializer.java:27) ~[jwt-1.3.1-SNAPSHOT.jar:?]
	at org.rootservices.otter.security.session.between.DecryptSession.decrypt(DecryptSession.java:149) ~[main/:?]
	... 47 more
2018-04-23T10:41:01,410 ERROR Test worker between.DecryptSession:87 - Session cookie could not be decrypted: eyJhbGciOiJkaXIiLCJraWQiOiIxMjM0IiwiZW5jIjoiQTI1NkdDTSJ9..AkRUVwJboJnzM5Pt0uqK-Ju15_YSn8x0DCrxDcKUszdQei2Fa7hYxENHJytWK1iMfl4lmcMb-fVTCnUC_bBa1abfeJ1NWWzRNwPEc-zhXvFV2-255lJe8EZYSSwE7cDf.pvvpZcAtxSFpzjqmgJEjh6oJLAoRAWv9WAQJ6BY08TDLpqZATSP4f4RPLMc8g7ArdMIJQI2coRBDjSg.Z4eCgEJ-RIfWX1jKYeP5Bw
org.rootservices.otter.security.session.between.exception.SessionDecryptException: Session cookie could not be decrypted: eyJhbGciOiJkaXIiLCJraWQiOiIxMjM0IiwiZW5jIjoiQTI1NkdDTSJ9..AkRUVwJboJnzM5Pt0uqK-Ju15_YSn8x0DCrxDcKUszdQei2Fa7hYxENHJytWK1iMfl4lmcMb-fVTCnUC_bBa1abfeJ1NWWzRNwPEc-zhXvFV2-255lJe8EZYSSwE7cDf.pvvpZcAtxSFpzjqmgJEjh6oJLAoRAWv9WAQJ6BY08TDLpqZATSP4f4RPLMc8g7ArdMIJQI2coRBDjSg.Z4eCgEJ-RIfWX1jKYeP5Bw
	at org.rootservices.otter.security.session.between.DecryptSession.decrypt(DecryptSession.java:171) ~[main/:?]
	at org.rootservices.otter.security.session.between.DecryptSession.process(DecryptSession.java:80) [main/:?]
	at org.rootservices.otter.security.session.between.DecryptSessionTest.processWhenSessionDecryptExceptionShouldHalt(DecryptSessionTest.java:139) [test/:?]
	at jdk.internal.reflect.NativeMethodAccessorImpl.invoke0(Native Method) ~[?:?]
	at jdk.internal.reflect.NativeMethodAccessorImpl.invoke(NativeMethodAccessorImpl.java:62) ~[?:?]
	at jdk.internal.reflect.DelegatingMethodAccessorImpl.invoke(DelegatingMethodAccessorImpl.java:43) ~[?:?]
	at java.lang.reflect.Method.invoke(Method.java:564) ~[?:?]
	at org.junit.runners.model.FrameworkMethod$1.runReflectiveCall(FrameworkMethod.java:50) [junit-4.12.jar:4.12]
	at org.junit.internal.runners.model.ReflectiveCallable.run(ReflectiveCallable.java:12) [junit-4.12.jar:4.12]
	at org.junit.runners.model.FrameworkMethod.invokeExplosively(FrameworkMethod.java:47) [junit-4.12.jar:4.12]
	at org.junit.internal.runners.statements.InvokeMethod.evaluate(InvokeMethod.java:17) [junit-4.12.jar:4.12]
	at org.junit.internal.runners.statements.RunBefores.evaluate(RunBefores.java:26) [junit-4.12.jar:4.12]
	at org.junit.runners.ParentRunner.runLeaf(ParentRunner.java:325) [junit-4.12.jar:4.12]
	at org.junit.runners.BlockJUnit4ClassRunner.runChild(BlockJUnit4ClassRunner.java:78) [junit-4.12.jar:4.12]
	at org.junit.runners.BlockJUnit4ClassRunner.runChild(BlockJUnit4ClassRunner.java:57) [junit-4.12.jar:4.12]
	at org.junit.runners.ParentRunner$3.run(ParentRunner.java:290) [junit-4.12.jar:4.12]
	at org.junit.runners.ParentRunner$1.schedule(ParentRunner.java:71) [junit-4.12.jar:4.12]
	at org.junit.runners.ParentRunner.runChildren(ParentRunner.java:288) [junit-4.12.jar:4.12]
	at org.junit.runners.ParentRunner.access$000(ParentRunner.java:58) [junit-4.12.jar:4.12]
	at org.junit.runners.ParentRunner$2.evaluate(ParentRunner.java:268) [junit-4.12.jar:4.12]
	at org.junit.runners.ParentRunner.run(ParentRunner.java:363) [junit-4.12.jar:4.12]
	at org.gradle.api.internal.tasks.testing.junit.JUnitTestClassExecuter.runTestClass(JUnitTestClassExecuter.java:114) [gradle-testing-jvm-4.4.jar:4.4]
	at org.gradle.api.internal.tasks.testing.junit.JUnitTestClassExecuter.execute(JUnitTestClassExecuter.java:57) [gradle-testing-jvm-4.4.jar:4.4]
	at org.gradle.api.internal.tasks.testing.junit.JUnitTestClassProcessor.processTestClass(JUnitTestClassProcessor.java:66) [gradle-testing-jvm-4.4.jar:4.4]
	at org.gradle.api.internal.tasks.testing.SuiteTestClassProcessor.processTestClass(SuiteTestClassProcessor.java:51) [gradle-testing-base-4.4.jar:4.4]
	at jdk.internal.reflect.GeneratedMethodAccessor9.invoke(Unknown Source) ~[?:?]
	at jdk.internal.reflect.DelegatingMethodAccessorImpl.invoke(DelegatingMethodAccessorImpl.java:43) ~[?:?]
	at java.lang.reflect.Method.invoke(Method.java:564) ~[?:?]
	at org.gradle.internal.dispatch.ReflectionDispatch.dispatch(ReflectionDispatch.java:35) [gradle-messaging-4.4.jar:4.4]
	at org.gradle.internal.dispatch.ReflectionDispatch.dispatch(ReflectionDispatch.java:24) [gradle-messaging-4.4.jar:4.4]
	at org.gradle.internal.dispatch.ContextClassLoaderDispatch.dispatch(ContextClassLoaderDispatch.java:32) [gradle-messaging-4.4.jar:4.4]
	at org.gradle.internal.dispatch.ProxyDispatchAdapter$DispatchingInvocationHandler.invoke(ProxyDispatchAdapter.java:93) [gradle-messaging-4.4.jar:4.4]
	at com.sun.proxy.$Proxy1.processTestClass(Unknown Source) [?:?]
	at org.gradle.api.internal.tasks.testing.worker.TestWorker.processTestClass(TestWorker.java:108) [gradle-testing-base-4.4.jar:4.4]
	at jdk.internal.reflect.GeneratedMethodAccessor8.invoke(Unknown Source) ~[?:?]
	at jdk.internal.reflect.DelegatingMethodAccessorImpl.invoke(DelegatingMethodAccessorImpl.java:43) ~[?:?]
	at java.lang.reflect.Method.invoke(Method.java:564) ~[?:?]
	at org.gradle.internal.dispatch.ReflectionDispatch.dispatch(ReflectionDispatch.java:35) [gradle-messaging-4.4.jar:4.4]
	at org.gradle.internal.dispatch.ReflectionDispatch.dispatch(ReflectionDispatch.java:24) [gradle-messaging-4.4.jar:4.4]
	at org.gradle.internal.remote.internal.hub.MessageHubBackedObjectConnection$DispatchWrapper.dispatch(MessageHubBackedObjectConnection.java:146) [gradle-messaging-4.4.jar:4.4]
	at org.gradle.internal.remote.internal.hub.MessageHubBackedObjectConnection$DispatchWrapper.dispatch(MessageHubBackedObjectConnection.java:128) [gradle-messaging-4.4.jar:4.4]
	at org.gradle.internal.remote.internal.hub.MessageHub$Handler.run(MessageHub.java:404) [gradle-messaging-4.4.jar:4.4]
	at org.gradle.internal.concurrent.ExecutorPolicy$CatchAndRecordFailures.onExecute(ExecutorPolicy.java:63) [gradle-base-services-4.4.jar:4.4]
	at org.gradle.internal.concurrent.ManagedExecutorImpl$1.run(ManagedExecutorImpl.java:46) [gradle-base-services-4.4.jar:4.4]
	at java.util.concurrent.ThreadPoolExecutor.runWorker(ThreadPoolExecutor.java:1167) [?:?]
	at java.util.concurrent.ThreadPoolExecutor$Worker.run(ThreadPoolExecutor.java:641) [?:?]
	at org.gradle.internal.concurrent.ThreadFactoryImpl$ManagedThreadRunnable.run(ThreadFactoryImpl.java:55) [gradle-base-services-4.4.jar:4.4]
	at java.lang.Thread.run(Thread.java:844) [?:?]
Caused by: org.rootservices.jwt.serialization.exception.DecryptException: Could not decrypt cipher text
	at org.rootservices.jwt.jwe.serialization.direct.JweDirectDesializer.stringToJWE(JweDirectDesializer.java:67) ~[jwt-1.3.1-SNAPSHOT.jar:?]
	at org.rootservices.otter.security.session.between.DecryptSession.decrypt(DecryptSession.java:165) ~[main/:?]
	... 47 more
Caused by: javax.crypto.AEADBadTagException: Tag mismatch!
	at com.sun.crypto.provider.GaloisCounterMode.decryptFinal(GaloisCounterMode.java:573) ~[?:?]
	at com.sun.crypto.provider.CipherCore.finalNoPadding(CipherCore.java:1049) ~[?:?]
	at com.sun.crypto.provider.CipherCore.doFinal(CipherCore.java:985) ~[?:?]
	at com.sun.crypto.provider.CipherCore.doFinal(CipherCore.java:847) ~[?:?]
	at com.sun.crypto.provider.AESCipher.engineDoFinal(AESCipher.java:446) ~[?:?]
	at javax.crypto.Cipher.doFinal(Cipher.java:2191) ~[?:?]
	at org.rootservices.jwt.jwe.serialization.direct.JweDirectDesializer.stringToJWE(JweDirectDesializer.java:63) ~[jwt-1.3.1-SNAPSHOT.jar:?]
	at org.rootservices.otter.security.session.between.DecryptSession.decrypt(DecryptSession.java:165) ~[main/:?]
	... 47 more
]]></system-out>
  <system-err><![CDATA[]]></system-err>
</testsuite>
